Command line:
   gates_tb_isim_beh.exe
     -simmode  gui
     -simrunnum  0
     -socket  51471

Fri Aug 06 23:05:26 2021


 Elaboration Time: 0.0625 sec

 Current Memory Usage: 5160.13 Meg

 Total Signals          : 18
 Total Nets             : 9
 Total Signal Drivers   : 9
 Total Blocks           : 3
 Total Primitive Blocks : 2
 Total Processes        : 8
 Total Traceable Variables  : 8
 Total Scalar Nets and Variables : 369
Total Line Count : 20

 Total Simulation Time: 0.25 sec

 Current Memory Usage: 5002.85 Meg

Fri Aug 06 23:25:25 2021

