Command line:
   cla_adder_isim_beh.exe
     -simmode  gui
     -simrunnum  0
     -socket  56433

Fri Aug 06 08:58:53 2021


 Elaboration Time: 0.078125 sec

 Current Memory Usage: 5160.16 Meg

 Total Signals          : 12
 Total Nets             : 27
 Total Signal Drivers   : 9
 Total Blocks           : 3
 Total Primitive Blocks : 2
 Total Processes        : 9
 Total Traceable Variables  : 8
 Total Scalar Nets and Variables : 387
Total Line Count : 9

 Total Simulation Time: 0.09375 sec

 Current Memory Usage: 5160.16 Meg

Fri Aug 06 08:58:58 2021

