Release 14.7 - xst P.20131013 (nt64)
Copyright (c) 1995-2013 Xilinx, Inc.  All rights reserved.
--> Parameter TMPDIR set to xst/projnav.tmp


Total REAL time to Xst completion: 0.00 secs
Total CPU time to Xst completion: 0.12 secs
 
--> Parameter xsthdpdir set to xst


Total REAL time to Xst completion: 0.00 secs
Total CPU time to Xst completion: 0.12 secs
 
--> Reading design: cc.prj

TABLE OF CONTENTS
  1) Synthesis Options Summary
  2) HDL Compilation
  3) Design Hierarchy Analysis
  4) HDL Analysis
  5) HDL Synthesis
     5.1) HDL Synthesis Report
  6) Advanced HDL Synthesis
     6.1) Advanced HDL Synthesis Report
  7) Low Level Synthesis
  8) Partition Report
  9) Final Report
	9.1) Device utilization summary
	9.2) Partition Resource Summary
	9.3) TIMING REPORT


=========================================================================
*                      Synthesis Options Summary                        *
=========================================================================
---- Source Parameters
Input File Name                    : "cc.prj"
Input Format                       : mixed
Ignore Synthesis Constraint File   : NO

---- Target Parameters
Output File Name                   : "cc"
Output Format                      : NGC
Target Device                      : xc3s50-4-pq208

---- Source Options
Top Module Name                    : cc
Automatic FSM Extraction           : YES
FSM Encoding Algorithm             : Auto
Safe Implementation                : No
FSM Style                          : LUT
RAM Extraction                     : Yes
RAM Style                          : Auto
ROM Extraction                     : Yes
Mux Style                          : Auto
Decoder Extraction                 : YES
Priority Encoder Extraction        : Yes
Shift Register Extraction          : YES
Logical Shifter Extraction         : YES
XOR Collapsing                     : YES
ROM Style                          : Auto
Mux Extraction                     : Yes
Resource Sharing                   : YES
Asynchronous To Synchronous        : NO
Multiplier Style                   : Auto
Automatic Register Balancing       : No

---- Target Options
Add IO Buffers                     : YES
Global Maximum Fanout              : 500
Add Generic Clock Buffer(BUFG)     : 8
Register Duplication               : YES
Slice Packing                      : YES
Optimize Instantiated Primitives   : NO
Use Clock Enable                   : Yes
Use Synchronous Set                : Yes
Use Synchronous Reset              : Yes
Pack IO Registers into IOBs        : Auto
Equivalent register Removal        : YES

---- General Options
Optimization Goal                  : Speed
Optimization Effort                : 1
Keep Hierarchy                     : No
Netlist Hierarchy                  : As_Optimized
RTL Output                         : Yes
Global Optimization                : AllClockNets
Read Cores                         : YES
Write Timing Constraints           : NO
Cross Clock Analysis               : NO
Hierarchy Separator                : /
Bus Delimiter                      : <>
Case Specifier                     : Maintain
Slice Utilization Ratio            : 100
BRAM Utilization Ratio             : 100
Verilog 2001                       : YES
Auto BRAM Packing                  : NO
Slice Utilization Ratio Delta      : 5

=========================================================================


=========================================================================
*                          HDL Compilation                              *
=========================================================================
Compiling vhdl file "C:/VHDL programming/ALL/COMP1bit/COMP1.vhd" in Library work.
Entity <cc> compiled.
Entity <cc> (Architecture <arch>) compiled.

=========================================================================
*                     Design Hierarchy Analysis                         *
=========================================================================
Analyzing hierarchy for entity <cc> in library <work> (architecture <arch>).


=========================================================================
*                            HDL Analysis                               *
=========================================================================
Analyzing Entity <cc> in library <work> (Architecture <arch>).
WARNING:Xst:819 - "C:/VHDL programming/ALL/COMP1bit/COMP1.vhd" line 11: One or more signals are missing in the process sensitivity list. To enable synthesis of FPGA/CPLD hardware, XST will assume that all necessary signals are present in the sensitivity list. Please note that the result of the synthesis may differ from the initial design specification. The missing signals are:
   <gi>, <ei>, <li>
Entity <cc> analyzed. Unit <cc> generated.


=========================================================================
*                           HDL Synthesis                               *
=========================================================================

Performing bidirectional port resolution...

Synthesizing Unit <cc>.
    Related source file is "C:/VHDL programming/ALL/COMP1bit/COMP1.vhd".
INFO:Xst:1608 - Relative priorities of control signals on register <go> differ from those commonly found in the selected device family. This will result in additional logic around the register.
WARNING:Xst:737 - Found 1-bit latch for signal <eo>. Latches may be generated from incomplete case or if statements. We do not recommend the use of latches in FPGA/CPLD designs, as they may lead to timing problems.
WARNING:Xst:737 - Found 1-bit latch for signal <go>. Latches may be generated from incomplete case or if statements. We do not recommend the use of latches in FPGA/CPLD designs, as they may lead to timing problems.
WARNING:Xst:737 - Found 1-bit latch for signal <lo>. Latches may be generated from incomplete case or if statements. We do not recommend the use of latches in FPGA/CPLD designs, as they may lead to timing problems.
Unit <cc> synthesized.


=========================================================================
HDL Synthesis Report

Macro Statistics
# Latches                                              : 3
 1-bit latch                                           : 3

=========================================================================

=========================================================================
*                       Advanced HDL Synthesis                          *
=========================================================================


=========================================================================
Advanced HDL Synthesis Report

Macro Statistics
# Latches                                              : 3
 1-bit latch                                           : 3

=========================================================================

=========================================================================
*                         Low Level Synthesis                           *
=========================================================================

Optimizing unit <cc> ...

Mapping all equations...
Building and optimizing final netlist ...
Found area constraint ratio of 100 (+ 5) on block cc, actual ratio is 0.

Final Macro Processing ...

=========================================================================
Final Register Report

Found no macro
=========================================================================

=========================================================================
*                           Partition Report                            *
=========================================================================

Partition Implementation Status
-------------------------------

  No Partitions were found in this design.

-------------------------------

=========================================================================
*                            Final Report                               *
=========================================================================
Final Results
RTL Top Level Output File Name     : cc.ngr
Top Level Output File Name         : cc
Output Format                      : NGC
Optimization Goal                  : Speed
Keep Hierarchy                     : No

Design Statistics
# IOs                              : 8

Cell Usage :
# BELS                             : 7
#      LUT2                        : 5
#      LUT3                        : 1
#      VCC                         : 1
# FlipFlops/Latches                : 3
#      LDCE_1                      : 1
#      LDCPE                       : 1
#      LDCPE_1                     : 1
# Clock Buffers                    : 1
#      BUFGP                       : 1
# IO Buffers                       : 7
#      IBUF                        : 4
#      OBUF                        : 3
=========================================================================

Device utilization summary:
---------------------------

Selected Device : 3s50pq208-4 

 Number of Slices:                        3  out of    768     0%  
 Number of Slice Flip Flops:              2  out of   1536     0%  
 Number of 4 input LUTs:                  6  out of   1536     0%  
 Number of IOs:                           8
 Number of bonded IOBs:                   8  out of    124     6%  
    IOB Flip Flops:                       1
 Number of GCLKs:                         1  out of      8    12%  

---------------------------
Partition Resource Summary:
---------------------------

  No Partitions were found in this design.

---------------------------


=========================================================================
TIMING REPORT

NOTE: THESE TIMING NUMBERS ARE ONLY A SYNTHESIS ESTIMATE.
      FOR ACCURATE TIMING INFORMATION PLEASE REFER TO THE TRACE REPORT
      GENERATED AFTER PLACE-and-ROUTE.

Clock Information:
------------------
-----------------------------------+------------------------+-------+
Clock Signal                       | Clock buffer(FF name)  | Load  |
-----------------------------------+------------------------+-------+
gi                                 | BUFGP                  | 3     |
-----------------------------------+------------------------+-------+

Asynchronous Control Signals Information:
----------------------------------------
-----------------------------------+------------------------+-------+
Control Signal                     | Buffer(FF name)        | Load  |
-----------------------------------+------------------------+-------+
go_and0000(go_and00001:O)          | NONE(go)               | 2     |
go_and0001(go_and00011:O)          | NONE(go)               | 2     |
eo_or0000(eo_or00001:O)            | NONE(eo)               | 1     |
-----------------------------------+------------------------+-------+

Timing Summary:
---------------
Speed Grade: -4

   Minimum period: 2.459ns (Maximum Frequency: 406.669MHz)
   Minimum input arrival time before clock: 4.137ns
   Maximum output required time after clock: 7.154ns
   Maximum combinational path delay: No path found

Timing Detail:
--------------
All values displayed in nanoseconds (ns)

=========================================================================
Timing constraint: Default period analysis for Clock 'gi'
  Clock period: 2.459ns (frequency: 406.669MHz)
  Total number of paths / destination ports: 2 / 2
-------------------------------------------------------------------------
Delay:               2.459ns (Levels of Logic = 1)
  Source:            eo (LATCH)
  Destination:       eo (LATCH)
  Source Clock:      gi rising
  Destination Clock: gi rising

  Data Path: eo to eo
                                Gate     Net
    Cell:in->out      fanout   Delay   Delay  Logical Name (Net Name)
    ----------------------------------------  ------------
     LDCE_1:G->Q           2   0.633   1.072  eo (eo_OBUF)
     LUT2:I1->O            1   0.551   0.000  eo_mux00041 (eo_mux0004)
     LDCE_1:D                  0.203          eo
    ----------------------------------------
    Total                      2.459ns (1.387ns logic, 1.072ns route)
                                       (56.4% logic, 43.6% route)

=========================================================================
Timing constraint: Default OFFSET IN BEFORE for Clock 'gi'
  Total number of paths / destination ports: 9 / 5
-------------------------------------------------------------------------
Offset:              4.137ns (Levels of Logic = 2)
  Source:            a (PAD)
  Destination:       lo (LATCH)
  Destination Clock: gi rising

  Data Path: a to lo
                                Gate     Net
    Cell:in->out      fanout   Delay   Delay  Logical Name (Net Name)
    ----------------------------------------  ------------
     IBUF:I->O             4   0.821   1.256  a_IBUF (a_IBUF)
     LUT2:I0->O            3   0.551   0.907  eo_or00011 (eo_or0001)
     LDCPE_1:GE                0.602          lo
    ----------------------------------------
    Total                      4.137ns (1.974ns logic, 2.163ns route)
                                       (47.7% logic, 52.3% route)

=========================================================================
Timing constraint: Default OFFSET OUT AFTER for Clock 'gi'
  Total number of paths / destination ports: 3 / 3
-------------------------------------------------------------------------
Offset:              7.154ns (Levels of Logic = 1)
  Source:            eo (LATCH)
  Destination:       eo (PAD)
  Source Clock:      gi rising

  Data Path: eo to eo
                                Gate     Net
    Cell:in->out      fanout   Delay   Delay  Logical Name (Net Name)
    ----------------------------------------  ------------
     LDCE_1:G->Q           2   0.633   0.877  eo (eo_OBUF)
     OBUF:I->O                 5.644          eo_OBUF (eo)
    ----------------------------------------
    Total                      7.154ns (6.277ns logic, 0.877ns route)
                                       (87.7% logic, 12.3% route)

=========================================================================


Total REAL time to Xst completion: 4.00 secs
Total CPU time to Xst completion: 3.86 secs
 
--> 

Total memory usage is 4497572 kilobytes

Number of errors   :    0 (   0 filtered)
Number of warnings :    4 (   0 filtered)
Number of infos    :    1 (   0 filtered)

