Running: C:\Xilinx\14.7\ISE_DS\ISE\bin\nt64\unwrapped\fuse.exe -intstyle ise -incremental -o C:/VHDL programming/ALL/MAG4BIT/ncc4_tb_isim_beh.exe -prj C:/VHDL programming/ALL/MAG4BIT/ncc4_tb_beh.prj work.ncc4_tb 
ISim P.20131013 (signature 0x7708f090)
Number of CPUs detected in this system: 8
Turning on mult-threading, number of parallel sub-compilation jobs: 16 
Determining compilation order of HDL files
Parsing VHDL file "C:/VHDL programming/ALL/MAG4BIT/../COMP1bit/COMP1.vhd" into library work
Parsing VHDL file "C:/VHDL programming/ALL/MAG4BIT/MAG4BIT.vhd" into library work
Parsing VHDL file "C:/VHDL programming/ALL/MAG4BIT/MAG4BIT_TB.vhd" into library work
Starting static elaboration
Completed static elaboration
Compiling package standard
Compiling package std_logic_1164
Compiling architecture arch of entity cc [cc_default]
Compiling architecture arch of entity ncc4 [ncc4_default]
Compiling architecture archtb of entity ncc4_tb
Time Resolution for simulation is 1ps.
Compiled 7 VHDL Units
Built simulation executable C:/VHDL programming/ALL/MAG4BIT/ncc4_tb_isim_beh.exe
Fuse Memory Usage: 30068 KB
Fuse CPU Usage: 374 ms
